<?xml version="1.0" encoding="UTF-8"?>
<!-- Generated by org.testng.reporters.JUnitXMLReporter -->
<testsuite hostname="DINESH" ignored="0" name="Test" tests="3" failures="1" timestamp="29 Jan 2020 16:40:15 GMT" time="49.914" errors="0">
  <testcase name="test" time="0.013" classname="rerun.Testclass">
    <skipped/>
  </testcase> <!-- test -->
  <testcase name="test" time="0.002" classname="rerun.Testclass">
    <skipped/>
  </testcase> <!-- test -->
  <testcase name="test" time="0.002" classname="rerun.Testclass">
    <failure type="java.lang.AssertionError" message="expected [true] but found [false]">
      <![CDATA[java.lang.AssertionError: expected [true] but found [false]
at rerun.Testclass.test(Testclass.java:22)
... Removed 31 stack frames]]>
    </failure>
  </testcase> <!-- test -->
</testsuite> <!-- Test -->
